<?xml version="1.0" encoding="UTF-8"?>
<testsuite name="com.javatab.SpringBootGradleApplicationTests" tests="1" skipped="0" failures="0" errors="0" timestamp="2016-06-18T09:50:31" hostname="nasruddin-studio-1555" time="0.004">
  <properties/>
  <testcase name="contextLoads" classname="com.javatab.SpringBootGradleApplicationTests" time="0.004"/>
  <system-out><![CDATA[15:20:23.113 [Test worker] DEBUG org.springframework.test.context.junit4.SpringJUnit4ClassRunner - SpringJUnit4ClassRunner constructor called with [class com.javatab.SpringBootGradleApplicationTests]
15:20:23.128 [Test worker] DEBUG org.springframework.test.context.BootstrapUtils - Instantiating CacheAwareContextLoaderDelegate from class [org.springframework.test.context.cache.DefaultCacheAwareContextLoaderDelegate]
15:20:23.152 [Test worker] DEBUG org.springframework.test.context.BootstrapUtils - Instantiating BootstrapContext using constructor [public org.springframework.test.context.support.DefaultBootstrapContext(java.lang.Class,org.springframework.test.context.CacheAwareContextLoaderDelegate)]
15:20:23.178 [Test worker] DEBUG org.springframework.test.context.BootstrapUtils - Instantiating TestContextBootstrapper for test class [com.javatab.SpringBootGradleApplicationTests] from class [org.springframework.test.context.web.WebTestContextBootstrapper]
15:20:23.212 [Test worker] DEBUG org.springframework.test.context.web.WebTestContextBootstrapper - Found explicit ContextLoader class [org.springframework.boot.test.SpringApplicationContextLoader] for context configuration attributes [ContextConfigurationAttributes@27896804 declaringClass = 'com.javatab.SpringBootGradleApplicationTests', classes = '{class com.javatab.SpringBootGradleApplication}', locations = '{}', inheritLocations = true, initializers = '{}', inheritInitializers = true, name = [null], contextLoaderClass = 'org.springframework.boot.test.SpringApplicationContextLoader']
15:20:23.225 [Test worker] DEBUG org.springframework.test.context.support.AbstractContextLoader - Did not detect default resource location for test class [com.javatab.SpringBootGradleApplicationTests]: class path resource [com/javatab/SpringBootGradleApplicationTests-context.xml] does not exist
15:20:23.227 [Test worker] DEBUG org.springframework.test.context.support.AbstractContextLoader - Did not detect default resource location for test class [com.javatab.SpringBootGradleApplicationTests]: class path resource [com/javatab/SpringBootGradleApplicationTestsContext.groovy] does not exist
15:20:23.228 [Test worker] INFO org.springframework.test.context.support.AbstractContextLoader - Could not detect default resource locations for test class [com.javatab.SpringBootGradleApplicationTests]: no resource found for suffixes {-context.xml, Context.groovy}.
15:20:23.232 [Test worker] DEBUG org.springframework.test.context.support.ActiveProfilesUtils - Could not find an 'annotation declaring class' for annotation type [org.springframework.test.context.ActiveProfiles] and class [com.javatab.SpringBootGradleApplicationTests]
15:20:23.239 [Test worker] DEBUG org.springframework.test.context.web.WebTestContextBootstrapper - @TestExecutionListeners is not present for class [com.javatab.SpringBootGradleApplicationTests]: using defaults.
15:20:23.251 [Test worker] INFO org.springframework.test.context.web.WebTestContextBootstrapper - Loaded default TestExecutionListener class names from location [META-INF/spring.factories]: [org.springframework.test.context.web.ServletTestExecutionListener, org.springframework.test.context.support.DirtiesContextBeforeModesTestExecutionListener, org.springframework.test.context.support.DependencyInjectionTestExecutionListener, org.springframework.test.context.support.DirtiesContextTestExecutionListener, org.springframework.test.context.transaction.TransactionalTestExecutionListener, org.springframework.test.context.jdbc.SqlScriptsTestExecutionListener]
15:20:23.261 [Test worker] INFO org.springframework.test.context.web.WebTestContextBootstrapper - Could not instantiate TestExecutionListener [org.springframework.test.context.transaction.TransactionalTestExecutionListener]. Specify custom listener classes or make the default listener classes (and their required dependencies) available. Offending class: [org/springframework/transaction/TransactionDefinition]
15:20:23.268 [Test worker] INFO org.springframework.test.context.web.WebTestContextBootstrapper - Could not instantiate TestExecutionListener [org.springframework.test.context.jdbc.SqlScriptsTestExecutionListener]. Specify custom listener classes or make the default listener classes (and their required dependencies) available. Offending class: [org/springframework/transaction/interceptor/TransactionAttribute]
15:20:23.272 [Test worker] INFO org.springframework.test.context.web.WebTestContextBootstrapper - Using TestExecutionListeners: [org.springframework.test.context.web.ServletTestExecutionListener@2305a432, org.springframework.test.context.support.DirtiesContextBeforeModesTestExecutionListener@6de8057b, org.springframework.test.context.support.DependencyInjectionTestExecutionListener@7948ce17, org.springframework.test.context.support.DirtiesContextTestExecutionListener@687b12ee]
15:20:23.278 [Test worker] DEBUG org.springframework.test.annotation.ProfileValueUtils - Retrieved @ProfileValueSourceConfiguration [null] for test class [com.javatab.SpringBootGradleApplicationTests]
15:20:23.280 [Test worker] DEBUG org.springframework.test.annotation.ProfileValueUtils - Retrieved ProfileValueSource type [class org.springframework.test.annotation.SystemProfileValueSource] for class [com.javatab.SpringBootGradleApplicationTests]
15:20:23.284 [Test worker] DEBUG org.springframework.test.annotation.ProfileValueUtils - Retrieved @ProfileValueSourceConfiguration [null] for test class [com.javatab.SpringBootGradleApplicationTests]
15:20:23.286 [Test worker] DEBUG org.springframework.test.annotation.ProfileValueUtils - Retrieved ProfileValueSource type [class org.springframework.test.annotation.SystemProfileValueSource] for class [com.javatab.SpringBootGradleApplicationTests]
15:20:23.291 [Test worker] DEBUG org.springframework.test.context.support.AbstractDirtiesContextTestExecutionListener - Before test class: context [DefaultTestContext@5a0bd249 testClass = SpringBootGradleApplicationTests, testInstance = [null], testMethod = [null], testException = [null], mergedContextConfiguration = [WebMergedContextConfiguration@175bb7d0 testClass = SpringBootGradleApplicationTests, locations = '{}', classes = '{class com.javatab.SpringBootGradleApplication}', contextInitializerClasses = '[]', activeProfiles = '{}', propertySourceLocations = '{}', propertySourceProperties = '{}', resourceBasePath = 'src/main/webapp', contextLoader = 'org.springframework.boot.test.SpringApplicationContextLoader', parent = [null]]], class annotated with @DirtiesContext [false] with mode [null].
15:20:23.293 [Test worker] DEBUG org.springframework.test.annotation.ProfileValueUtils - Retrieved @ProfileValueSourceConfiguration [null] for test class [com.javatab.SpringBootGradleApplicationTests]
15:20:23.294 [Test worker] DEBUG org.springframework.test.annotation.ProfileValueUtils - Retrieved ProfileValueSource type [class org.springframework.test.annotation.SystemProfileValueSource] for class [com.javatab.SpringBootGradleApplicationTests]
15:20:23.453 [Test worker] DEBUG org.springframework.core.env.StandardEnvironment - Adding [systemProperties] PropertySource with lowest search precedence
15:20:23.458 [Test worker] DEBUG org.springframework.core.env.StandardEnvironment - Adding [systemEnvironment] PropertySource with lowest search precedence
15:20:23.458 [Test worker] DEBUG org.springframework.core.env.StandardEnvironment - Initialized StandardEnvironment with PropertySources [systemProperties,systemEnvironment]
15:20:23.463 [Test worker] DEBUG org.springframework.core.env.StandardEnvironment - Adding [integrationTest] PropertySource with search precedence immediately lower than [systemEnvironment]

  .   ____          _            __ _ _
 /\\ / ___'_ __ _ _(_)_ __  __ _ \ \ \ \
( ( )\___ | '_ | '_| | '_ \/ _` | \ \ \ \
 \\/  ___)| |_)| | | | | || (_| |  ) ) ) )
  '  |____| .__|_| |_|_| |_\__, | / / / /
 =========|_|==============|___/=/_/_/_/
 :: Spring Boot ::        (v1.3.5.RELEASE)

2016-06-18 15:20:24.130  INFO 3397 --- [    Test worker] c.j.SpringBootGradleApplicationTests     : Starting SpringBootGradleApplicationTests on nasruddin-studio-1555 with PID 3397 (/home/nasruddin/Project/spring-boot-tutorials/spring-boot-gradle/build/classes/test started by nasruddin in /home/nasruddin/Project/spring-boot-tutorials/spring-boot-gradle)
2016-06-18 15:20:24.134  INFO 3397 --- [    Test worker] c.j.SpringBootGradleApplicationTests     : No active profile set, falling back to default profiles: default
2016-06-18 15:20:24.366  INFO 3397 --- [    Test worker] o.s.w.c.s.GenericWebApplicationContext   : Refreshing org.springframework.web.context.support.GenericWebApplicationContext@3409cc: startup date [Sat Jun 18 15:20:24 IST 2016]; root of context hierarchy
2016-06-18 15:20:31.006  INFO 3397 --- [    Test worker] s.w.s.m.m.a.RequestMappingHandlerAdapter : Looking for @ControllerAdvice: org.springframework.web.context.support.GenericWebApplicationContext@3409cc: startup date [Sat Jun 18 15:20:24 IST 2016]; root of context hierarchy
2016-06-18 15:20:31.171  INFO 3397 --- [    Test worker] s.w.s.m.m.a.RequestMappingHandlerMapping : Mapped "{[/]}" onto public static java.lang.String com.javatab.SpringBootGradleApplication.sayHello()
2016-06-18 15:20:31.180  INFO 3397 --- [    Test worker] s.w.s.m.m.a.RequestMappingHandlerMapping : Mapped "{[/error],produces=[text/html]}" onto public org.springframework.web.servlet.ModelAndView org.springframework.boot.autoconfigure.web.BasicErrorController.errorHtml(javax.servlet.http.HttpServletRequest,javax.servlet.http.HttpServletResponse)
2016-06-18 15:20:31.182  INFO 3397 --- [    Test worker] s.w.s.m.m.a.RequestMappingHandlerMapping : Mapped "{[/error]}" onto public org.springframework.http.ResponseEntity<java.util.Map<java.lang.String, java.lang.Object>> org.springframework.boot.autoconfigure.web.BasicErrorController.error(javax.servlet.http.HttpServletRequest)
2016-06-18 15:20:31.242  INFO 3397 --- [    Test worker] o.s.w.s.handler.SimpleUrlHandlerMapping  : Mapped URL path [/webjars/**] onto handler of type [class org.springframework.web.servlet.resource.ResourceHttpRequestHandler]
2016-06-18 15:20:31.246  INFO 3397 --- [    Test worker] o.s.w.s.handler.SimpleUrlHandlerMapping  : Mapped URL path [/**] onto handler of type [class org.springframework.web.servlet.resource.ResourceHttpRequestHandler]
2016-06-18 15:20:31.341  INFO 3397 --- [    Test worker] o.s.w.s.handler.SimpleUrlHandlerMapping  : Mapped URL path [/**/favicon.ico] onto handler of type [class org.springframework.web.servlet.resource.ResourceHttpRequestHandler]
2016-06-18 15:20:31.632  INFO 3397 --- [    Test worker] c.j.SpringBootGradleApplicationTests     : Started SpringBootGradleApplicationTests in 8.151 seconds (JVM running for 10.404)
]]></system-out>
  <system-err><![CDATA[]]></system-err>
</testsuite>
